2026-03-03 16:12:00,680 - MainControl - INFO - Starting Smart Grid MT5 Bot...
2026-03-03 16:12:00,697 - mt5_client - INFO - Successfully connected to MetaTrader 5
2026-03-03 16:12:00,851 - MainControl - ERROR - Error during strategy execution: module 'MetaTrader5' has no attribute 'time_current'
Traceback (most recent call last):
  File "C:\Users\lunza\Documents\VSCode Git\BOT_Trading\BOT_EURUSD\Smart Grid\main.py", line 68, in main
    if time_filter.is_allowed_to_trade():
       ~~~~~~~~~~~~~~~~~~~~~~~~~~~~~~~^^
  File "C:\Users\lunza\Documents\VSCode Git\BOT_Trading\BOT_EURUSD\Smart Grid\time_filter.py", line 16, in is_allowed_to_trade
    broker_time_stamp = ag.time_current()
                        ^^^^^^^^^^^^^^^
AttributeError: module 'MetaTrader5' has no attribute 'time_current'
2026-03-03 16:12:01,861 - MainControl - ERROR - Error during strategy execution: module 'MetaTrader5' has no attribute 'time_current'
Traceback (most recent call last):
  File "C:\Users\lunza\Documents\VSCode Git\BOT_Trading\BOT_EURUSD\Smart Grid\main.py", line 68, in main
    if time_filter.is_allowed_to_trade():
       ~~~~~~~~~~~~~~~~~~~~~~~~~~~~~~~^^
  File "C:\Users\lunza\Documents\VSCode Git\BOT_Trading\BOT_EURUSD\Smart Grid\time_filter.py", line 16, in is_allowed_to_trade
    broker_time_stamp = ag.time_current()
                        ^^^^^^^^^^^^^^^
AttributeError: module 'MetaTrader5' has no attribute 'time_current'
2026-03-03 16:12:02,881 - MainControl - ERROR - Error during strategy execution: module 'MetaTrader5' has no attribute 'time_current'
Traceback (most recent call last):
  File "C:\Users\lunza\Documents\VSCode Git\BOT_Trading\BOT_EURUSD\Smart Grid\main.py", line 68, in main
    if time_filter.is_allowed_to_trade():
       ~~~~~~~~~~~~~~~~~~~~~~~~~~~~~~~^^
  File "C:\Users\lunza\Documents\VSCode Git\BOT_Trading\BOT_EURUSD\Smart Grid\time_filter.py", line 16, in is_allowed_to_trade
    broker_time_stamp = ag.time_current()
                        ^^^^^^^^^^^^^^^
AttributeError: module 'MetaTrader5' has no attribute 'time_current'
2026-03-03 16:12:03,911 - MainControl - ERROR - Error during strategy execution: module 'MetaTrader5' has no attribute 'time_current'
Traceback (most recent call last):
  File "C:\Users\lunza\Documents\VSCode Git\BOT_Trading\BOT_EURUSD\Smart Grid\main.py", line 68, in main
    if time_filter.is_allowed_to_trade():
       ~~~~~~~~~~~~~~~~~~~~~~~~~~~~~~~^^
  File "C:\Users\lunza\Documents\VSCode Git\BOT_Trading\BOT_EURUSD\Smart Grid\time_filter.py", line 16, in is_allowed_to_trade
    broker_time_stamp = ag.time_current()
                        ^^^^^^^^^^^^^^^
AttributeError: module 'MetaTrader5' has no attribute 'time_current'
2026-03-03 16:12:04,913 - MainControl - ERROR - Error during strategy execution: module 'MetaTrader5' has no attribute 'time_current'
Traceback (most recent call last):
  File "C:\Users\lunza\Documents\VSCode Git\BOT_Trading\BOT_EURUSD\Smart Grid\main.py", line 68, in main
    if time_filter.is_allowed_to_trade():
       ~~~~~~~~~~~~~~~~~~~~~~~~~~~~~~~^^
  File "C:\Users\lunza\Documents\VSCode Git\BOT_Trading\BOT_EURUSD\Smart Grid\time_filter.py", line 16, in is_allowed_to_trade
    broker_time_stamp = ag.time_current()
                        ^^^^^^^^^^^^^^^
AttributeError: module 'MetaTrader5' has no attribute 'time_current'
2026-03-03 16:12:05,960 - MainControl - ERROR - Error during strategy execution: module 'MetaTrader5' has no attribute 'time_current'
Traceback (most recent call last):
  File "C:\Users\lunza\Documents\VSCode Git\BOT_Trading\BOT_EURUSD\Smart Grid\main.py", line 68, in main
    if time_filter.is_allowed_to_trade():
       ~~~~~~~~~~~~~~~~~~~~~~~~~~~~~~~^^
  File "C:\Users\lunza\Documents\VSCode Git\BOT_Trading\BOT_EURUSD\Smart Grid\time_filter.py", line 16, in is_allowed_to_trade
    broker_time_stamp = ag.time_current()
                        ^^^^^^^^^^^^^^^
AttributeError: module 'MetaTrader5' has no attribute 'time_current'
2026-03-03 16:12:06,962 - MainControl - ERROR - Error during strategy execution: module 'MetaTrader5' has no attribute 'time_current'
Traceback (most recent call last):
  File "C:\Users\lunza\Documents\VSCode Git\BOT_Trading\BOT_EURUSD\Smart Grid\main.py", line 68, in main
    if time_filter.is_allowed_to_trade():
       ~~~~~~~~~~~~~~~~~~~~~~~~~~~~~~~^^
  File "C:\Users\lunza\Documents\VSCode Git\BOT_Trading\BOT_EURUSD\Smart Grid\time_filter.py", line 16, in is_allowed_to_trade
    broker_time_stamp = ag.time_current()
                        ^^^^^^^^^^^^^^^
AttributeError: module 'MetaTrader5' has no attribute 'time_current'
2026-03-03 16:12:07,964 - MainControl - ERROR - Error during strategy execution: module 'MetaTrader5' has no attribute 'time_current'
Traceback (most recent call last):
  File "C:\Users\lunza\Documents\VSCode Git\BOT_Trading\BOT_EURUSD\Smart Grid\main.py", line 68, in main
    if time_filter.is_allowed_to_trade():
       ~~~~~~~~~~~~~~~~~~~~~~~~~~~~~~~^^
  File "C:\Users\lunza\Documents\VSCode Git\BOT_Trading\BOT_EURUSD\Smart Grid\time_filter.py", line 16, in is_allowed_to_trade
    broker_time_stamp = ag.time_current()
                        ^^^^^^^^^^^^^^^
AttributeError: module 'MetaTrader5' has no attribute 'time_current'
2026-03-03 16:12:08,966 - MainControl - ERROR - Error during strategy execution: module 'MetaTrader5' has no attribute 'time_current'
Traceback (most recent call last):
  File "C:\Users\lunza\Documents\VSCode Git\BOT_Trading\BOT_EURUSD\Smart Grid\main.py", line 68, in main
    if time_filter.is_allowed_to_trade():
       ~~~~~~~~~~~~~~~~~~~~~~~~~~~~~~~^^
  File "C:\Users\lunza\Documents\VSCode Git\BOT_Trading\BOT_EURUSD\Smart Grid\time_filter.py", line 16, in is_allowed_to_trade
    broker_time_stamp = ag.time_current()
                        ^^^^^^^^^^^^^^^
AttributeError: module 'MetaTrader5' has no attribute 'time_current'
2026-03-03 16:12:10,072 - MainControl - ERROR - Error during strategy execution: module 'MetaTrader5' has no attribute 'time_current'
Traceback (most recent call last):
  File "C:\Users\lunza\Documents\VSCode Git\BOT_Trading\BOT_EURUSD\Smart Grid\main.py", line 68, in main
    if time_filter.is_allowed_to_trade():
       ~~~~~~~~~~~~~~~~~~~~~~~~~~~~~~~^^
  File "C:\Users\lunza\Documents\VSCode Git\BOT_Trading\BOT_EURUSD\Smart Grid\time_filter.py", line 16, in is_allowed_to_trade
    broker_time_stamp = ag.time_current()
                        ^^^^^^^^^^^^^^^
AttributeError: module 'MetaTrader5' has no attribute 'time_current'
2026-03-03 16:12:11,109 - MainControl - ERROR - Error during strategy execution: module 'MetaTrader5' has no attribute 'time_current'
Traceback (most recent call last):
  File "C:\Users\lunza\Documents\VSCode Git\BOT_Trading\BOT_EURUSD\Smart Grid\main.py", line 68, in main
    if time_filter.is_allowed_to_trade():
       ~~~~~~~~~~~~~~~~~~~~~~~~~~~~~~~^^
  File "C:\Users\lunza\Documents\VSCode Git\BOT_Trading\BOT_EURUSD\Smart Grid\time_filter.py", line 16, in is_allowed_to_trade
    broker_time_stamp = ag.time_current()
                        ^^^^^^^^^^^^^^^
AttributeError: module 'MetaTrader5' has no attribute 'time_current'
2026-03-03 16:12:12,115 - MainControl - ERROR - Error during strategy execution: module 'MetaTrader5' has no attribute 'time_current'
Traceback (most recent call last):
  File "C:\Users\lunza\Documents\VSCode Git\BOT_Trading\BOT_EURUSD\Smart Grid\main.py", line 68, in main
    if time_filter.is_allowed_to_trade():
       ~~~~~~~~~~~~~~~~~~~~~~~~~~~~~~~^^
  File "C:\Users\lunza\Documents\VSCode Git\BOT_Trading\BOT_EURUSD\Smart Grid\time_filter.py", line 16, in is_allowed_to_trade
    broker_time_stamp = ag.time_current()
                        ^^^^^^^^^^^^^^^
AttributeError: module 'MetaTrader5' has no attribute 'time_current'
2026-03-03 16:12:13,118 - MainControl - ERROR - Error during strategy execution: module 'MetaTrader5' has no attribute 'time_current'
Traceback (most recent call last):
  File "C:\Users\lunza\Documents\VSCode Git\BOT_Trading\BOT_EURUSD\Smart Grid\main.py", line 68, in main
    if time_filter.is_allowed_to_trade():
       ~~~~~~~~~~~~~~~~~~~~~~~~~~~~~~~^^
  File "C:\Users\lunza\Documents\VSCode Git\BOT_Trading\BOT_EURUSD\Smart Grid\time_filter.py", line 16, in is_allowed_to_trade
    broker_time_stamp = ag.time_current()
                        ^^^^^^^^^^^^^^^
AttributeError: module 'MetaTrader5' has no attribute 'time_current'
2026-03-03 16:12:14,120 - MainControl - ERROR - Error during strategy execution: module 'MetaTrader5' has no attribute 'time_current'
Traceback (most recent call last):
  File "C:\Users\lunza\Documents\VSCode Git\BOT_Trading\BOT_EURUSD\Smart Grid\main.py", line 68, in main
    if time_filter.is_allowed_to_trade():
       ~~~~~~~~~~~~~~~~~~~~~~~~~~~~~~~^^
  File "C:\Users\lunza\Documents\VSCode Git\BOT_Trading\BOT_EURUSD\Smart Grid\time_filter.py", line 16, in is_allowed_to_trade
    broker_time_stamp = ag.time_current()
                        ^^^^^^^^^^^^^^^
AttributeError: module 'MetaTrader5' has no attribute 'time_current'
2026-03-03 16:12:15,123 - MainControl - ERROR - Error during strategy execution: module 'MetaTrader5' has no attribute 'time_current'
Traceback (most recent call last):
  File "C:\Users\lunza\Documents\VSCode Git\BOT_Trading\BOT_EURUSD\Smart Grid\main.py", line 68, in main
    if time_filter.is_allowed_to_trade():
       ~~~~~~~~~~~~~~~~~~~~~~~~~~~~~~~^^
  File "C:\Users\lunza\Documents\VSCode Git\BOT_Trading\BOT_EURUSD\Smart Grid\time_filter.py", line 16, in is_allowed_to_trade
    broker_time_stamp = ag.time_current()
                        ^^^^^^^^^^^^^^^
AttributeError: module 'MetaTrader5' has no attribute 'time_current'
2026-03-03 16:12:16,125 - MainControl - ERROR - Error during strategy execution: module 'MetaTrader5' has no attribute 'time_current'
Traceback (most recent call last):
  File "C:\Users\lunza\Documents\VSCode Git\BOT_Trading\BOT_EURUSD\Smart Grid\main.py", line 68, in main
    if time_filter.is_allowed_to_trade():
       ~~~~~~~~~~~~~~~~~~~~~~~~~~~~~~~^^
  File "C:\Users\lunza\Documents\VSCode Git\BOT_Trading\BOT_EURUSD\Smart Grid\time_filter.py", line 16, in is_allowed_to_trade
    broker_time_stamp = ag.time_current()
                        ^^^^^^^^^^^^^^^
AttributeError: module 'MetaTrader5' has no attribute 'time_current'
2026-03-03 16:12:17,127 - MainControl - ERROR - Error during strategy execution: module 'MetaTrader5' has no attribute 'time_current'
Traceback (most recent call last):
  File "C:\Users\lunza\Documents\VSCode Git\BOT_Trading\BOT_EURUSD\Smart Grid\main.py", line 68, in main
    if time_filter.is_allowed_to_trade():
       ~~~~~~~~~~~~~~~~~~~~~~~~~~~~~~~^^
  File "C:\Users\lunza\Documents\VSCode Git\BOT_Trading\BOT_EURUSD\Smart Grid\time_filter.py", line 16, in is_allowed_to_trade
    broker_time_stamp = ag.time_current()
                        ^^^^^^^^^^^^^^^
AttributeError: module 'MetaTrader5' has no attribute 'time_current'
2026-03-03 16:12:18,130 - MainControl - ERROR - Error during strategy execution: module 'MetaTrader5' has no attribute 'time_current'
Traceback (most recent call last):
  File "C:\Users\lunza\Documents\VSCode Git\BOT_Trading\BOT_EURUSD\Smart Grid\main.py", line 68, in main
    if time_filter.is_allowed_to_trade():
       ~~~~~~~~~~~~~~~~~~~~~~~~~~~~~~~^^
  File "C:\Users\lunza\Documents\VSCode Git\BOT_Trading\BOT_EURUSD\Smart Grid\time_filter.py", line 16, in is_allowed_to_trade
    broker_time_stamp = ag.time_current()
                        ^^^^^^^^^^^^^^^
AttributeError: module 'MetaTrader5' has no attribute 'time_current'
2026-03-03 16:12:19,132 - MainControl - ERROR - Error during strategy execution: module 'MetaTrader5' has no attribute 'time_current'
Traceback (most recent call last):
  File "C:\Users\lunza\Documents\VSCode Git\BOT_Trading\BOT_EURUSD\Smart Grid\main.py", line 68, in main
    if time_filter.is_allowed_to_trade():
       ~~~~~~~~~~~~~~~~~~~~~~~~~~~~~~~^^
  File "C:\Users\lunza\Documents\VSCode Git\BOT_Trading\BOT_EURUSD\Smart Grid\time_filter.py", line 16, in is_allowed_to_trade
    broker_time_stamp = ag.time_current()
                        ^^^^^^^^^^^^^^^
AttributeError: module 'MetaTrader5' has no attribute 'time_current'
2026-03-03 16:12:20,135 - MainControl - ERROR - Error during strategy execution: module 'MetaTrader5' has no attribute 'time_current'
Traceback (most recent call last):
  File "C:\Users\lunza\Documents\VSCode Git\BOT_Trading\BOT_EURUSD\Smart Grid\main.py", line 68, in main
    if time_filter.is_allowed_to_trade():
       ~~~~~~~~~~~~~~~~~~~~~~~~~~~~~~~^^
  File "C:\Users\lunza\Documents\VSCode Git\BOT_Trading\BOT_EURUSD\Smart Grid\time_filter.py", line 16, in is_allowed_to_trade
    broker_time_stamp = ag.time_current()
                        ^^^^^^^^^^^^^^^
AttributeError: module 'MetaTrader5' has no attribute 'time_current'
2026-03-03 16:12:21,138 - MainControl - ERROR - Error during strategy execution: module 'MetaTrader5' has no attribute 'time_current'
Traceback (most recent call last):
  File "C:\Users\lunza\Documents\VSCode Git\BOT_Trading\BOT_EURUSD\Smart Grid\main.py", line 68, in main
    if time_filter.is_allowed_to_trade():
       ~~~~~~~~~~~~~~~~~~~~~~~~~~~~~~~^^
  File "C:\Users\lunza\Documents\VSCode Git\BOT_Trading\BOT_EURUSD\Smart Grid\time_filter.py", line 16, in is_allowed_to_trade
    broker_time_stamp = ag.time_current()
                        ^^^^^^^^^^^^^^^
AttributeError: module 'MetaTrader5' has no attribute 'time_current'
2026-03-03 16:12:22,140 - MainControl - ERROR - Error during strategy execution: module 'MetaTrader5' has no attribute 'time_current'
Traceback (most recent call last):
  File "C:\Users\lunza\Documents\VSCode Git\BOT_Trading\BOT_EURUSD\Smart Grid\main.py", line 68, in main
    if time_filter.is_allowed_to_trade():
       ~~~~~~~~~~~~~~~~~~~~~~~~~~~~~~~^^
  File "C:\Users\lunza\Documents\VSCode Git\BOT_Trading\BOT_EURUSD\Smart Grid\time_filter.py", line 16, in is_allowed_to_trade
    broker_time_stamp = ag.time_current()
                        ^^^^^^^^^^^^^^^
AttributeError: module 'MetaTrader5' has no attribute 'time_current'
2026-03-03 16:12:23,142 - MainControl - ERROR - Error during strategy execution: module 'MetaTrader5' has no attribute 'time_current'
Traceback (most recent call last):
  File "C:\Users\lunza\Documents\VSCode Git\BOT_Trading\BOT_EURUSD\Smart Grid\main.py", line 68, in main
    if time_filter.is_allowed_to_trade():
       ~~~~~~~~~~~~~~~~~~~~~~~~~~~~~~~^^
  File "C:\Users\lunza\Documents\VSCode Git\BOT_Trading\BOT_EURUSD\Smart Grid\time_filter.py", line 16, in is_allowed_to_trade
    broker_time_stamp = ag.time_current()
                        ^^^^^^^^^^^^^^^
AttributeError: module 'MetaTrader5' has no attribute 'time_current'
2026-03-03 16:12:24,144 - MainControl - ERROR - Error during strategy execution: module 'MetaTrader5' has no attribute 'time_current'
Traceback (most recent call last):
  File "C:\Users\lunza\Documents\VSCode Git\BOT_Trading\BOT_EURUSD\Smart Grid\main.py", line 68, in main
    if time_filter.is_allowed_to_trade():
       ~~~~~~~~~~~~~~~~~~~~~~~~~~~~~~~^^
  File "C:\Users\lunza\Documents\VSCode Git\BOT_Trading\BOT_EURUSD\Smart Grid\time_filter.py", line 16, in is_allowed_to_trade
    broker_time_stamp = ag.time_current()
                        ^^^^^^^^^^^^^^^
AttributeError: module 'MetaTrader5' has no attribute 'time_current'
2026-03-03 16:12:25,146 - MainControl - ERROR - Error during strategy execution: module 'MetaTrader5' has no attribute 'time_current'
Traceback (most recent call last):
  File "C:\Users\lunza\Documents\VSCode Git\BOT_Trading\BOT_EURUSD\Smart Grid\main.py", line 68, in main
    if time_filter.is_allowed_to_trade():
       ~~~~~~~~~~~~~~~~~~~~~~~~~~~~~~~^^
  File "C:\Users\lunza\Documents\VSCode Git\BOT_Trading\BOT_EURUSD\Smart Grid\time_filter.py", line 16, in is_allowed_to_trade
    broker_time_stamp = ag.time_current()
                        ^^^^^^^^^^^^^^^
AttributeError: module 'MetaTrader5' has no attribute 'time_current'
2026-03-03 16:12:26,149 - MainControl - ERROR - Error during strategy execution: module 'MetaTrader5' has no attribute 'time_current'
Traceback (most recent call last):
  File "C:\Users\lunza\Documents\VSCode Git\BOT_Trading\BOT_EURUSD\Smart Grid\main.py", line 68, in main
    if time_filter.is_allowed_to_trade():
       ~~~~~~~~~~~~~~~~~~~~~~~~~~~~~~~^^
  File "C:\Users\lunza\Documents\VSCode Git\BOT_Trading\BOT_EURUSD\Smart Grid\time_filter.py", line 16, in is_allowed_to_trade
    broker_time_stamp = ag.time_current()
                        ^^^^^^^^^^^^^^^
AttributeError: module 'MetaTrader5' has no attribute 'time_current'
2026-03-03 16:12:27,151 - MainControl - ERROR - Error during strategy execution: module 'MetaTrader5' has no attribute 'time_current'
Traceback (most recent call last):
  File "C:\Users\lunza\Documents\VSCode Git\BOT_Trading\BOT_EURUSD\Smart Grid\main.py", line 68, in main
    if time_filter.is_allowed_to_trade():
       ~~~~~~~~~~~~~~~~~~~~~~~~~~~~~~~^^
  File "C:\Users\lunza\Documents\VSCode Git\BOT_Trading\BOT_EURUSD\Smart Grid\time_filter.py", line 16, in is_allowed_to_trade
    broker_time_stamp = ag.time_current()
                        ^^^^^^^^^^^^^^^
AttributeError: module 'MetaTrader5' has no attribute 'time_current'
2026-03-03 16:12:28,154 - MainControl - ERROR - Error during strategy execution: module 'MetaTrader5' has no attribute 'time_current'
Traceback (most recent call last):
  File "C:\Users\lunza\Documents\VSCode Git\BOT_Trading\BOT_EURUSD\Smart Grid\main.py", line 68, in main
    if time_filter.is_allowed_to_trade():
       ~~~~~~~~~~~~~~~~~~~~~~~~~~~~~~~^^
  File "C:\Users\lunza\Documents\VSCode Git\BOT_Trading\BOT_EURUSD\Smart Grid\time_filter.py", line 16, in is_allowed_to_trade
    broker_time_stamp = ag.time_current()
                        ^^^^^^^^^^^^^^^
AttributeError: module 'MetaTrader5' has no attribute 'time_current'
2026-03-03 16:12:29,158 - MainControl - ERROR - Error during strategy execution: module 'MetaTrader5' has no attribute 'time_current'
Traceback (most recent call last):
  File "C:\Users\lunza\Documents\VSCode Git\BOT_Trading\BOT_EURUSD\Smart Grid\main.py", line 68, in main
    if time_filter.is_allowed_to_trade():
       ~~~~~~~~~~~~~~~~~~~~~~~~~~~~~~~^^
  File "C:\Users\lunza\Documents\VSCode Git\BOT_Trading\BOT_EURUSD\Smart Grid\time_filter.py", line 16, in is_allowed_to_trade
    broker_time_stamp = ag.time_current()
                        ^^^^^^^^^^^^^^^
AttributeError: module 'MetaTrader5' has no attribute 'time_current'
2026-03-03 16:12:30,161 - MainControl - ERROR - Error during strategy execution: module 'MetaTrader5' has no attribute 'time_current'
Traceback (most recent call last):
  File "C:\Users\lunza\Documents\VSCode Git\BOT_Trading\BOT_EURUSD\Smart Grid\main.py", line 68, in main
    if time_filter.is_allowed_to_trade():
       ~~~~~~~~~~~~~~~~~~~~~~~~~~~~~~~^^
  File "C:\Users\lunza\Documents\VSCode Git\BOT_Trading\BOT_EURUSD\Smart Grid\time_filter.py", line 16, in is_allowed_to_trade
    broker_time_stamp = ag.time_current()
                        ^^^^^^^^^^^^^^^
AttributeError: module 'MetaTrader5' has no attribute 'time_current'
2026-03-03 16:12:31,163 - MainControl - ERROR - Error during strategy execution: module 'MetaTrader5' has no attribute 'time_current'
Traceback (most recent call last):
  File "C:\Users\lunza\Documents\VSCode Git\BOT_Trading\BOT_EURUSD\Smart Grid\main.py", line 68, in main
    if time_filter.is_allowed_to_trade():
       ~~~~~~~~~~~~~~~~~~~~~~~~~~~~~~~^^
  File "C:\Users\lunza\Documents\VSCode Git\BOT_Trading\BOT_EURUSD\Smart Grid\time_filter.py", line 16, in is_allowed_to_trade
    broker_time_stamp = ag.time_current()
                        ^^^^^^^^^^^^^^^
AttributeError: module 'MetaTrader5' has no attribute 'time_current'
2026-03-03 16:12:32,165 - MainControl - ERROR - Error during strategy execution: module 'MetaTrader5' has no attribute 'time_current'
Traceback (most recent call last):
  File "C:\Users\lunza\Documents\VSCode Git\BOT_Trading\BOT_EURUSD\Smart Grid\main.py", line 68, in main
    if time_filter.is_allowed_to_trade():
       ~~~~~~~~~~~~~~~~~~~~~~~~~~~~~~~^^
  File "C:\Users\lunza\Documents\VSCode Git\BOT_Trading\BOT_EURUSD\Smart Grid\time_filter.py", line 16, in is_allowed_to_trade
    broker_time_stamp = ag.time_current()
                        ^^^^^^^^^^^^^^^
AttributeError: module 'MetaTrader5' has no attribute 'time_current'
2026-03-03 16:12:33,167 - MainControl - ERROR - Error during strategy execution: module 'MetaTrader5' has no attribute 'time_current'
Traceback (most recent call last):
  File "C:\Users\lunza\Documents\VSCode Git\BOT_Trading\BOT_EURUSD\Smart Grid\main.py", line 68, in main
    if time_filter.is_allowed_to_trade():
       ~~~~~~~~~~~~~~~~~~~~~~~~~~~~~~~^^
  File "C:\Users\lunza\Documents\VSCode Git\BOT_Trading\BOT_EURUSD\Smart Grid\time_filter.py", line 16, in is_allowed_to_trade
    broker_time_stamp = ag.time_current()
                        ^^^^^^^^^^^^^^^
AttributeError: module 'MetaTrader5' has no attribute 'time_current'
2026-03-03 16:12:34,169 - MainControl - ERROR - Error during strategy execution: module 'MetaTrader5' has no attribute 'time_current'
Traceback (most recent call last):
  File "C:\Users\lunza\Documents\VSCode Git\BOT_Trading\BOT_EURUSD\Smart Grid\main.py", line 68, in main
    if time_filter.is_allowed_to_trade():
       ~~~~~~~~~~~~~~~~~~~~~~~~~~~~~~~^^
  File "C:\Users\lunza\Documents\VSCode Git\BOT_Trading\BOT_EURUSD\Smart Grid\time_filter.py", line 16, in is_allowed_to_trade
    broker_time_stamp = ag.time_current()
                        ^^^^^^^^^^^^^^^
AttributeError: module 'MetaTrader5' has no attribute 'time_current'
2026-03-03 16:12:35,171 - MainControl - ERROR - Error during strategy execution: module 'MetaTrader5' has no attribute 'time_current'
Traceback (most recent call last):
  File "C:\Users\lunza\Documents\VSCode Git\BOT_Trading\BOT_EURUSD\Smart Grid\main.py", line 68, in main
    if time_filter.is_allowed_to_trade():
       ~~~~~~~~~~~~~~~~~~~~~~~~~~~~~~~^^
  File "C:\Users\lunza\Documents\VSCode Git\BOT_Trading\BOT_EURUSD\Smart Grid\time_filter.py", line 16, in is_allowed_to_trade
    broker_time_stamp = ag.time_current()
                        ^^^^^^^^^^^^^^^
AttributeError: module 'MetaTrader5' has no attribute 'time_current'
2026-03-03 16:12:36,174 - MainControl - ERROR - Error during strategy execution: module 'MetaTrader5' has no attribute 'time_current'
Traceback (most recent call last):
  File "C:\Users\lunza\Documents\VSCode Git\BOT_Trading\BOT_EURUSD\Smart Grid\main.py", line 68, in main
    if time_filter.is_allowed_to_trade():
       ~~~~~~~~~~~~~~~~~~~~~~~~~~~~~~~^^
  File "C:\Users\lunza\Documents\VSCode Git\BOT_Trading\BOT_EURUSD\Smart Grid\time_filter.py", line 16, in is_allowed_to_trade
    broker_time_stamp = ag.time_current()
                        ^^^^^^^^^^^^^^^
AttributeError: module 'MetaTrader5' has no attribute 'time_current'
2026-03-03 16:12:37,176 - MainControl - ERROR - Error during strategy execution: module 'MetaTrader5' has no attribute 'time_current'
Traceback (most recent call last):
  File "C:\Users\lunza\Documents\VSCode Git\BOT_Trading\BOT_EURUSD\Smart Grid\main.py", line 68, in main
    if time_filter.is_allowed_to_trade():
       ~~~~~~~~~~~~~~~~~~~~~~~~~~~~~~~^^
  File "C:\Users\lunza\Documents\VSCode Git\BOT_Trading\BOT_EURUSD\Smart Grid\time_filter.py", line 16, in is_allowed_to_trade
    broker_time_stamp = ag.time_current()
                        ^^^^^^^^^^^^^^^
AttributeError: module 'MetaTrader5' has no attribute 'time_current'
2026-03-03 16:12:37,340 - MainControl - INFO - Bot stopped by user (KeyboardInterrupt).
2026-03-03 16:12:37,341 - MainControl - INFO - Shutting down MT5 connection...
2026-03-03 16:12:37,341 - MainControl - INFO - Bot stopped gracefully.
2026-03-03 16:18:59,664 - MainControl - INFO - Starting Smart Grid MT5 Bot...
2026-03-03 16:18:59,679 - mt5_client - INFO - Successfully connected to MetaTrader 5
2026-03-03 16:22:41,008 - strategy - INFO - RSI=29.49 < 30. Opening Initial BUY.
2026-03-03 16:22:41,008 - execution - INFO - Sending Order Request: Type=0, Lot=0.01, Price=1.16201
2026-03-03 16:22:41,289 - execution - INFO - Order executed successfully! Ticket: 3518132561
2026-03-03 16:24:00,414 - MainControl - INFO - --- HEARTBEAT --- Bot is running. Equity: 130.84 Balance: 131.50
2026-03-03 16:29:00,920 - MainControl - INFO - --- HEARTBEAT --- Bot is running. Equity: 131.11 Balance: 131.50
2026-03-04 09:10:31,330 - MainControl - INFO - Starting Smart Grid MT5 Bot...
2026-03-04 09:10:31,369 - mt5_client - INFO - Successfully connected to MetaTrader 5
2026-03-04 09:15:31,484 - MainControl - INFO - --- HEARTBEAT --- Bot is running. Equity: 140.95 Balance: 140.95
2026-03-04 09:20:31,654 - MainControl - INFO - --- HEARTBEAT --- Bot is running. Equity: 140.95 Balance: 140.95
2026-03-04 09:25:31,885 - MainControl - INFO - --- HEARTBEAT --- Bot is running. Equity: 140.95 Balance: 140.95
2026-03-04 09:30:32,069 - MainControl - INFO - --- HEARTBEAT --- Bot is running. Equity: 140.95 Balance: 140.95
2026-03-04 09:35:32,350 - MainControl - INFO - --- HEARTBEAT --- Bot is running. Equity: 140.95 Balance: 140.95
2026-03-04 09:40:32,746 - MainControl - INFO - --- HEARTBEAT --- Bot is running. Equity: 140.95 Balance: 140.95
2026-03-04 09:45:33,011 - MainControl - INFO - --- HEARTBEAT --- Bot is running. Equity: 140.95 Balance: 140.95
2026-03-04 09:50:33,119 - MainControl - INFO - --- HEARTBEAT --- Bot is running. Equity: 140.95 Balance: 140.95
2026-03-04 09:55:33,242 - MainControl - INFO - --- HEARTBEAT --- Bot is running. Equity: 140.95 Balance: 140.95
2026-03-04 10:00:33,675 - MainControl - INFO - --- HEARTBEAT --- Bot is running. Equity: 140.95 Balance: 140.95
2026-03-04 10:05:33,919 - MainControl - INFO - --- HEARTBEAT --- Bot is running. Equity: 140.95 Balance: 140.95
2026-03-04 10:10:34,096 - MainControl - INFO - --- HEARTBEAT --- Bot is running. Equity: 140.95 Balance: 140.95
2026-03-04 10:15:34,548 - MainControl - INFO - --- HEARTBEAT --- Bot is running. Equity: 140.95 Balance: 140.95
2026-03-04 10:20:35,001 - MainControl - INFO - --- HEARTBEAT --- Bot is running. Equity: 140.95 Balance: 140.95
2026-03-04 10:25:35,336 - MainControl - INFO - --- HEARTBEAT --- Bot is running. Equity: 140.95 Balance: 140.95
2026-03-04 10:30:35,661 - MainControl - INFO - --- HEARTBEAT --- Bot is running. Equity: 140.95 Balance: 140.95
2026-03-04 10:35:36,658 - MainControl - INFO - --- HEARTBEAT --- Bot is running. Equity: 140.95 Balance: 140.95
2026-03-04 10:40:36,798 - MainControl - INFO - --- HEARTBEAT --- Bot is running. Equity: 140.95 Balance: 140.95
2026-03-04 10:45:37,794 - MainControl - INFO - --- HEARTBEAT --- Bot is running. Equity: 140.95 Balance: 140.95
2026-03-04 10:50:37,810 - MainControl - INFO - --- HEARTBEAT --- Bot is running. Equity: 140.95 Balance: 140.95
2026-03-04 10:55:38,742 - MainControl - INFO - --- HEARTBEAT --- Bot is running. Equity: 140.95 Balance: 140.95
2026-03-04 11:00:38,893 - MainControl - INFO - --- HEARTBEAT --- Bot is running. Equity: 140.95 Balance: 140.95
2026-03-04 11:05:39,826 - MainControl - INFO - --- HEARTBEAT --- Bot is running. Equity: 140.95 Balance: 140.95
2026-03-04 11:10:39,862 - MainControl - INFO - --- HEARTBEAT --- Bot is running. Equity: 140.95 Balance: 140.95
2026-03-04 11:15:40,171 - MainControl - INFO - --- HEARTBEAT --- Bot is running. Equity: 140.95 Balance: 140.95
2026-03-04 11:20:40,486 - MainControl - INFO - --- HEARTBEAT --- Bot is running. Equity: 140.95 Balance: 140.95
2026-03-04 11:25:40,830 - MainControl - INFO - --- HEARTBEAT --- Bot is running. Equity: 140.95 Balance: 140.95
2026-03-04 11:30:41,025 - MainControl - INFO - --- HEARTBEAT --- Bot is running. Equity: 140.95 Balance: 140.95
2026-03-04 11:35:41,320 - MainControl - INFO - --- HEARTBEAT --- Bot is running. Equity: 140.95 Balance: 140.95
2026-03-04 11:40:41,569 - MainControl - INFO - --- HEARTBEAT --- Bot is running. Equity: 140.95 Balance: 140.95
2026-03-04 11:45:41,984 - MainControl - INFO - --- HEARTBEAT --- Bot is running. Equity: 140.95 Balance: 140.95
2026-03-04 11:50:42,164 - MainControl - INFO - --- HEARTBEAT --- Bot is running. Equity: 140.95 Balance: 140.95
2026-03-04 11:55:42,338 - MainControl - INFO - --- HEARTBEAT --- Bot is running. Equity: 140.95 Balance: 140.95
2026-03-04 12:00:42,475 - MainControl - INFO - --- HEARTBEAT --- Bot is running. Equity: 140.95 Balance: 140.95
2026-03-04 12:05:42,787 - MainControl - INFO - --- HEARTBEAT --- Bot is running. Equity: 140.95 Balance: 140.95
2026-03-04 12:10:43,248 - MainControl - INFO - --- HEARTBEAT --- Bot is running. Equity: 140.95 Balance: 140.95
2026-03-04 12:15:43,854 - MainControl - INFO - --- HEARTBEAT --- Bot is running. Equity: 140.95 Balance: 140.95
2026-03-04 12:20:44,311 - MainControl - INFO - --- HEARTBEAT --- Bot is running. Equity: 140.95 Balance: 140.95
2026-03-04 12:25:44,670 - MainControl - INFO - --- HEARTBEAT --- Bot is running. Equity: 140.95 Balance: 140.95
2026-03-04 12:30:45,151 - MainControl - INFO - --- HEARTBEAT --- Bot is running. Equity: 140.95 Balance: 140.95
2026-03-04 12:35:45,531 - MainControl - INFO - --- HEARTBEAT --- Bot is running. Equity: 140.95 Balance: 140.95
2026-03-04 12:40:46,066 - MainControl - INFO - --- HEARTBEAT --- Bot is running. Equity: 140.95 Balance: 140.95
2026-03-04 12:45:46,305 - MainControl - INFO - --- HEARTBEAT --- Bot is running. Equity: 140.73 Balance: 140.95
2026-03-04 13:00:44,636 - MainControl - INFO - Starting Smart Grid MT5 Bot...
2026-03-04 13:00:44,670 - mt5_client - INFO - Successfully connected to MetaTrader 5
2026-03-04 13:05:45,293 - MainControl - INFO - --- HEARTBEAT --- Bot is running. Equity: 141.04 Balance: 140.95
2026-03-04 13:10:45,498 - MainControl - INFO - --- HEARTBEAT --- Bot is running. Equity: 141.39 Balance: 140.95
2026-03-04 13:15:45,772 - MainControl - INFO - --- HEARTBEAT --- Bot is running. Equity: 141.40 Balance: 140.95
2026-03-04 13:20:46,189 - MainControl - INFO - --- HEARTBEAT --- Bot is running. Equity: 141.66 Balance: 140.95
2026-03-04 13:25:46,221 - MainControl - INFO - --- HEARTBEAT --- Bot is running. Equity: 142.12 Balance: 140.95
2026-03-04 13:30:46,504 - MainControl - INFO - --- HEARTBEAT --- Bot is running. Equity: 142.60 Balance: 140.95
2026-03-04 13:35:47,106 - MainControl - INFO - --- HEARTBEAT --- Bot is running. Equity: 143.26 Balance: 140.95
2026-03-04 13:40:47,174 - MainControl - INFO - --- HEARTBEAT --- Bot is running. Equity: 143.46 Balance: 140.95
2026-03-04 13:45:47,593 - MainControl - INFO - --- HEARTBEAT --- Bot is running. Equity: 143.41 Balance: 140.95
2026-03-04 13:50:47,793 - MainControl - INFO - --- HEARTBEAT --- Bot is running. Equity: 142.86 Balance: 143.10
2026-03-04 13:55:47,879 - MainControl - INFO - --- HEARTBEAT --- Bot is running. Equity: 142.94 Balance: 143.10
2026-03-04 14:00:48,033 - MainControl - INFO - --- HEARTBEAT --- Bot is running. Equity: 143.04 Balance: 143.10
2026-03-04 14:05:48,959 - MainControl - INFO - --- HEARTBEAT --- Bot is running. Equity: 142.68 Balance: 143.10
2026-03-04 14:10:49,839 - MainControl - INFO - --- HEARTBEAT --- Bot is running. Equity: 142.76 Balance: 143.10
2026-03-04 14:15:50,837 - MainControl - INFO - --- HEARTBEAT --- Bot is running. Equity: 142.66 Balance: 143.10
