2026-03-03 16:12:00,680 - MainControl - INFO - Starting Smart Grid MT5 Bot...
2026-03-03 16:12:00,697 - mt5_client - INFO - Successfully connected to MetaTrader 5
2026-03-03 16:12:00,851 - MainControl - ERROR - Error during strategy execution: module 'MetaTrader5' has no attribute 'time_current'
Traceback (most recent call last):
  File "C:\Users\lunza\Documents\VSCode Git\BOT_Trading\BOT_EURUSD\Smart Grid\main.py", line 68, in main
    if time_filter.is_allowed_to_trade():
       ~~~~~~~~~~~~~~~~~~~~~~~~~~~~~~~^^
  File "C:\Users\lunza\Documents\VSCode Git\BOT_Trading\BOT_EURUSD\Smart Grid\time_filter.py", line 16, in is_allowed_to_trade
    broker_time_stamp = ag.time_current()
                        ^^^^^^^^^^^^^^^
AttributeError: module 'MetaTrader5' has no attribute 'time_current'
2026-03-03 16:12:01,861 - MainControl - ERROR - Error during strategy execution: module 'MetaTrader5' has no attribute 'time_current'
Traceback (most recent call last):
  File "C:\Users\lunza\Documents\VSCode Git\BOT_Trading\BOT_EURUSD\Smart Grid\main.py", line 68, in main
    if time_filter.is_allowed_to_trade():
       ~~~~~~~~~~~~~~~~~~~~~~~~~~~~~~~^^
  File "C:\Users\lunza\Documents\VSCode Git\BOT_Trading\BOT_EURUSD\Smart Grid\time_filter.py", line 16, in is_allowed_to_trade
    broker_time_stamp = ag.time_current()
                        ^^^^^^^^^^^^^^^
AttributeError: module 'MetaTrader5' has no attribute 'time_current'
2026-03-03 16:12:02,881 - MainControl - ERROR - Error during strategy execution: module 'MetaTrader5' has no attribute 'time_current'
Traceback (most recent call last):
  File "C:\Users\lunza\Documents\VSCode Git\BOT_Trading\BOT_EURUSD\Smart Grid\main.py", line 68, in main
    if time_filter.is_allowed_to_trade():
       ~~~~~~~~~~~~~~~~~~~~~~~~~~~~~~~^^
  File "C:\Users\lunza\Documents\VSCode Git\BOT_Trading\BOT_EURUSD\Smart Grid\time_filter.py", line 16, in is_allowed_to_trade
    broker_time_stamp = ag.time_current()
                        ^^^^^^^^^^^^^^^
AttributeError: module 'MetaTrader5' has no attribute 'time_current'
2026-03-03 16:12:03,911 - MainControl - ERROR - Error during strategy execution: module 'MetaTrader5' has no attribute 'time_current'
Traceback (most recent call last):
  File "C:\Users\lunza\Documents\VSCode Git\BOT_Trading\BOT_EURUSD\Smart Grid\main.py", line 68, in main
    if time_filter.is_allowed_to_trade():
       ~~~~~~~~~~~~~~~~~~~~~~~~~~~~~~~^^
  File "C:\Users\lunza\Documents\VSCode Git\BOT_Trading\BOT_EURUSD\Smart Grid\time_filter.py", line 16, in is_allowed_to_trade
    broker_time_stamp = ag.time_current()
                        ^^^^^^^^^^^^^^^
AttributeError: module 'MetaTrader5' has no attribute 'time_current'
2026-03-03 16:12:04,913 - MainControl - ERROR - Error during strategy execution: module 'MetaTrader5' has no attribute 'time_current'
Traceback (most recent call last):
  File "C:\Users\lunza\Documents\VSCode Git\BOT_Trading\BOT_EURUSD\Smart Grid\main.py", line 68, in main
    if time_filter.is_allowed_to_trade():
       ~~~~~~~~~~~~~~~~~~~~~~~~~~~~~~~^^
  File "C:\Users\lunza\Documents\VSCode Git\BOT_Trading\BOT_EURUSD\Smart Grid\time_filter.py", line 16, in is_allowed_to_trade
    broker_time_stamp = ag.time_current()
                        ^^^^^^^^^^^^^^^
AttributeError: module 'MetaTrader5' has no attribute 'time_current'
2026-03-03 16:12:05,960 - MainControl - ERROR - Error during strategy execution: module 'MetaTrader5' has no attribute 'time_current'
Traceback (most recent call last):
  File "C:\Users\lunza\Documents\VSCode Git\BOT_Trading\BOT_EURUSD\Smart Grid\main.py", line 68, in main
    if time_filter.is_allowed_to_trade():
       ~~~~~~~~~~~~~~~~~~~~~~~~~~~~~~~^^
  File "C:\Users\lunza\Documents\VSCode Git\BOT_Trading\BOT_EURUSD\Smart Grid\time_filter.py", line 16, in is_allowed_to_trade
    broker_time_stamp = ag.time_current()
                        ^^^^^^^^^^^^^^^
AttributeError: module 'MetaTrader5' has no attribute 'time_current'
2026-03-03 16:12:06,962 - MainControl - ERROR - Error during strategy execution: module 'MetaTrader5' has no attribute 'time_current'
Traceback (most recent call last):
  File "C:\Users\lunza\Documents\VSCode Git\BOT_Trading\BOT_EURUSD\Smart Grid\main.py", line 68, in main
    if time_filter.is_allowed_to_trade():
       ~~~~~~~~~~~~~~~~~~~~~~~~~~~~~~~^^
  File "C:\Users\lunza\Documents\VSCode Git\BOT_Trading\BOT_EURUSD\Smart Grid\time_filter.py", line 16, in is_allowed_to_trade
    broker_time_stamp = ag.time_current()
                        ^^^^^^^^^^^^^^^
AttributeError: module 'MetaTrader5' has no attribute 'time_current'
2026-03-03 16:12:07,964 - MainControl - ERROR - Error during strategy execution: module 'MetaTrader5' has no attribute 'time_current'
Traceback (most recent call last):
  File "C:\Users\lunza\Documents\VSCode Git\BOT_Trading\BOT_EURUSD\Smart Grid\main.py", line 68, in main
    if time_filter.is_allowed_to_trade():
       ~~~~~~~~~~~~~~~~~~~~~~~~~~~~~~~^^
  File "C:\Users\lunza\Documents\VSCode Git\BOT_Trading\BOT_EURUSD\Smart Grid\time_filter.py", line 16, in is_allowed_to_trade
    broker_time_stamp = ag.time_current()
                        ^^^^^^^^^^^^^^^
AttributeError: module 'MetaTrader5' has no attribute 'time_current'
2026-03-03 16:12:08,966 - MainControl - ERROR - Error during strategy execution: module 'MetaTrader5' has no attribute 'time_current'
Traceback (most recent call last):
  File "C:\Users\lunza\Documents\VSCode Git\BOT_Trading\BOT_EURUSD\Smart Grid\main.py", line 68, in main
    if time_filter.is_allowed_to_trade():
       ~~~~~~~~~~~~~~~~~~~~~~~~~~~~~~~^^
  File "C:\Users\lunza\Documents\VSCode Git\BOT_Trading\BOT_EURUSD\Smart Grid\time_filter.py", line 16, in is_allowed_to_trade
    broker_time_stamp = ag.time_current()
                        ^^^^^^^^^^^^^^^
AttributeError: module 'MetaTrader5' has no attribute 'time_current'
2026-03-03 16:12:10,072 - MainControl - ERROR - Error during strategy execution: module 'MetaTrader5' has no attribute 'time_current'
Traceback (most recent call last):
  File "C:\Users\lunza\Documents\VSCode Git\BOT_Trading\BOT_EURUSD\Smart Grid\main.py", line 68, in main
    if time_filter.is_allowed_to_trade():
       ~~~~~~~~~~~~~~~~~~~~~~~~~~~~~~~^^
  File "C:\Users\lunza\Documents\VSCode Git\BOT_Trading\BOT_EURUSD\Smart Grid\time_filter.py", line 16, in is_allowed_to_trade
    broker_time_stamp = ag.time_current()
                        ^^^^^^^^^^^^^^^
AttributeError: module 'MetaTrader5' has no attribute 'time_current'
2026-03-03 16:12:11,109 - MainControl - ERROR - Error during strategy execution: module 'MetaTrader5' has no attribute 'time_current'
Traceback (most recent call last):
  File "C:\Users\lunza\Documents\VSCode Git\BOT_Trading\BOT_EURUSD\Smart Grid\main.py", line 68, in main
    if time_filter.is_allowed_to_trade():
       ~~~~~~~~~~~~~~~~~~~~~~~~~~~~~~~^^
  File "C:\Users\lunza\Documents\VSCode Git\BOT_Trading\BOT_EURUSD\Smart Grid\time_filter.py", line 16, in is_allowed_to_trade
    broker_time_stamp = ag.time_current()
                        ^^^^^^^^^^^^^^^
AttributeError: module 'MetaTrader5' has no attribute 'time_current'
2026-03-03 16:12:12,115 - MainControl - ERROR - Error during strategy execution: module 'MetaTrader5' has no attribute 'time_current'
Traceback (most recent call last):
  File "C:\Users\lunza\Documents\VSCode Git\BOT_Trading\BOT_EURUSD\Smart Grid\main.py", line 68, in main
    if time_filter.is_allowed_to_trade():
       ~~~~~~~~~~~~~~~~~~~~~~~~~~~~~~~^^
  File "C:\Users\lunza\Documents\VSCode Git\BOT_Trading\BOT_EURUSD\Smart Grid\time_filter.py", line 16, in is_allowed_to_trade
    broker_time_stamp = ag.time_current()
                        ^^^^^^^^^^^^^^^
AttributeError: module 'MetaTrader5' has no attribute 'time_current'
2026-03-03 16:12:13,118 - MainControl - ERROR - Error during strategy execution: module 'MetaTrader5' has no attribute 'time_current'
Traceback (most recent call last):
  File "C:\Users\lunza\Documents\VSCode Git\BOT_Trading\BOT_EURUSD\Smart Grid\main.py", line 68, in main
    if time_filter.is_allowed_to_trade():
       ~~~~~~~~~~~~~~~~~~~~~~~~~~~~~~~^^
  File "C:\Users\lunza\Documents\VSCode Git\BOT_Trading\BOT_EURUSD\Smart Grid\time_filter.py", line 16, in is_allowed_to_trade
    broker_time_stamp = ag.time_current()
                        ^^^^^^^^^^^^^^^
AttributeError: module 'MetaTrader5' has no attribute 'time_current'
2026-03-03 16:12:14,120 - MainControl - ERROR - Error during strategy execution: module 'MetaTrader5' has no attribute 'time_current'
Traceback (most recent call last):
  File "C:\Users\lunza\Documents\VSCode Git\BOT_Trading\BOT_EURUSD\Smart Grid\main.py", line 68, in main
    if time_filter.is_allowed_to_trade():
       ~~~~~~~~~~~~~~~~~~~~~~~~~~~~~~~^^
  File "C:\Users\lunza\Documents\VSCode Git\BOT_Trading\BOT_EURUSD\Smart Grid\time_filter.py", line 16, in is_allowed_to_trade
    broker_time_stamp = ag.time_current()
                        ^^^^^^^^^^^^^^^
AttributeError: module 'MetaTrader5' has no attribute 'time_current'
2026-03-03 16:12:15,123 - MainControl - ERROR - Error during strategy execution: module 'MetaTrader5' has no attribute 'time_current'
Traceback (most recent call last):
  File "C:\Users\lunza\Documents\VSCode Git\BOT_Trading\BOT_EURUSD\Smart Grid\main.py", line 68, in main
    if time_filter.is_allowed_to_trade():
       ~~~~~~~~~~~~~~~~~~~~~~~~~~~~~~~^^
  File "C:\Users\lunza\Documents\VSCode Git\BOT_Trading\BOT_EURUSD\Smart Grid\time_filter.py", line 16, in is_allowed_to_trade
    broker_time_stamp = ag.time_current()
                        ^^^^^^^^^^^^^^^
AttributeError: module 'MetaTrader5' has no attribute 'time_current'
2026-03-03 16:12:16,125 - MainControl - ERROR - Error during strategy execution: module 'MetaTrader5' has no attribute 'time_current'
Traceback (most recent call last):
  File "C:\Users\lunza\Documents\VSCode Git\BOT_Trading\BOT_EURUSD\Smart Grid\main.py", line 68, in main
    if time_filter.is_allowed_to_trade():
       ~~~~~~~~~~~~~~~~~~~~~~~~~~~~~~~^^
  File "C:\Users\lunza\Documents\VSCode Git\BOT_Trading\BOT_EURUSD\Smart Grid\time_filter.py", line 16, in is_allowed_to_trade
    broker_time_stamp = ag.time_current()
                        ^^^^^^^^^^^^^^^
AttributeError: module 'MetaTrader5' has no attribute 'time_current'
2026-03-03 16:12:17,127 - MainControl - ERROR - Error during strategy execution: module 'MetaTrader5' has no attribute 'time_current'
Traceback (most recent call last):
  File "C:\Users\lunza\Documents\VSCode Git\BOT_Trading\BOT_EURUSD\Smart Grid\main.py", line 68, in main
    if time_filter.is_allowed_to_trade():
       ~~~~~~~~~~~~~~~~~~~~~~~~~~~~~~~^^
  File "C:\Users\lunza\Documents\VSCode Git\BOT_Trading\BOT_EURUSD\Smart Grid\time_filter.py", line 16, in is_allowed_to_trade
    broker_time_stamp = ag.time_current()
                        ^^^^^^^^^^^^^^^
AttributeError: module 'MetaTrader5' has no attribute 'time_current'
2026-03-03 16:12:18,130 - MainControl - ERROR - Error during strategy execution: module 'MetaTrader5' has no attribute 'time_current'
Traceback (most recent call last):
  File "C:\Users\lunza\Documents\VSCode Git\BOT_Trading\BOT_EURUSD\Smart Grid\main.py", line 68, in main
    if time_filter.is_allowed_to_trade():
       ~~~~~~~~~~~~~~~~~~~~~~~~~~~~~~~^^
  File "C:\Users\lunza\Documents\VSCode Git\BOT_Trading\BOT_EURUSD\Smart Grid\time_filter.py", line 16, in is_allowed_to_trade
    broker_time_stamp = ag.time_current()
                        ^^^^^^^^^^^^^^^
AttributeError: module 'MetaTrader5' has no attribute 'time_current'
2026-03-03 16:12:19,132 - MainControl - ERROR - Error during strategy execution: module 'MetaTrader5' has no attribute 'time_current'
Traceback (most recent call last):
  File "C:\Users\lunza\Documents\VSCode Git\BOT_Trading\BOT_EURUSD\Smart Grid\main.py", line 68, in main
    if time_filter.is_allowed_to_trade():
       ~~~~~~~~~~~~~~~~~~~~~~~~~~~~~~~^^
  File "C:\Users\lunza\Documents\VSCode Git\BOT_Trading\BOT_EURUSD\Smart Grid\time_filter.py", line 16, in is_allowed_to_trade
    broker_time_stamp = ag.time_current()
                        ^^^^^^^^^^^^^^^
AttributeError: module 'MetaTrader5' has no attribute 'time_current'
2026-03-03 16:12:20,135 - MainControl - ERROR - Error during strategy execution: module 'MetaTrader5' has no attribute 'time_current'
Traceback (most recent call last):
  File "C:\Users\lunza\Documents\VSCode Git\BOT_Trading\BOT_EURUSD\Smart Grid\main.py", line 68, in main
    if time_filter.is_allowed_to_trade():
       ~~~~~~~~~~~~~~~~~~~~~~~~~~~~~~~^^
  File "C:\Users\lunza\Documents\VSCode Git\BOT_Trading\BOT_EURUSD\Smart Grid\time_filter.py", line 16, in is_allowed_to_trade
    broker_time_stamp = ag.time_current()
                        ^^^^^^^^^^^^^^^
AttributeError: module 'MetaTrader5' has no attribute 'time_current'
2026-03-03 16:12:21,138 - MainControl - ERROR - Error during strategy execution: module 'MetaTrader5' has no attribute 'time_current'
Traceback (most recent call last):
  File "C:\Users\lunza\Documents\VSCode Git\BOT_Trading\BOT_EURUSD\Smart Grid\main.py", line 68, in main
    if time_filter.is_allowed_to_trade():
       ~~~~~~~~~~~~~~~~~~~~~~~~~~~~~~~^^
  File "C:\Users\lunza\Documents\VSCode Git\BOT_Trading\BOT_EURUSD\Smart Grid\time_filter.py", line 16, in is_allowed_to_trade
    broker_time_stamp = ag.time_current()
                        ^^^^^^^^^^^^^^^
AttributeError: module 'MetaTrader5' has no attribute 'time_current'
2026-03-03 16:12:22,140 - MainControl - ERROR - Error during strategy execution: module 'MetaTrader5' has no attribute 'time_current'
Traceback (most recent call last):
  File "C:\Users\lunza\Documents\VSCode Git\BOT_Trading\BOT_EURUSD\Smart Grid\main.py", line 68, in main
    if time_filter.is_allowed_to_trade():
       ~~~~~~~~~~~~~~~~~~~~~~~~~~~~~~~^^
  File "C:\Users\lunza\Documents\VSCode Git\BOT_Trading\BOT_EURUSD\Smart Grid\time_filter.py", line 16, in is_allowed_to_trade
    broker_time_stamp = ag.time_current()
                        ^^^^^^^^^^^^^^^
AttributeError: module 'MetaTrader5' has no attribute 'time_current'
2026-03-03 16:12:23,142 - MainControl - ERROR - Error during strategy execution: module 'MetaTrader5' has no attribute 'time_current'
Traceback (most recent call last):
  File "C:\Users\lunza\Documents\VSCode Git\BOT_Trading\BOT_EURUSD\Smart Grid\main.py", line 68, in main
    if time_filter.is_allowed_to_trade():
       ~~~~~~~~~~~~~~~~~~~~~~~~~~~~~~~^^
  File "C:\Users\lunza\Documents\VSCode Git\BOT_Trading\BOT_EURUSD\Smart Grid\time_filter.py", line 16, in is_allowed_to_trade
    broker_time_stamp = ag.time_current()
                        ^^^^^^^^^^^^^^^
AttributeError: module 'MetaTrader5' has no attribute 'time_current'
2026-03-03 16:12:24,144 - MainControl - ERROR - Error during strategy execution: module 'MetaTrader5' has no attribute 'time_current'
Traceback (most recent call last):
  File "C:\Users\lunza\Documents\VSCode Git\BOT_Trading\BOT_EURUSD\Smart Grid\main.py", line 68, in main
    if time_filter.is_allowed_to_trade():
       ~~~~~~~~~~~~~~~~~~~~~~~~~~~~~~~^^
  File "C:\Users\lunza\Documents\VSCode Git\BOT_Trading\BOT_EURUSD\Smart Grid\time_filter.py", line 16, in is_allowed_to_trade
    broker_time_stamp = ag.time_current()
                        ^^^^^^^^^^^^^^^
AttributeError: module 'MetaTrader5' has no attribute 'time_current'
2026-03-03 16:12:25,146 - MainControl - ERROR - Error during strategy execution: module 'MetaTrader5' has no attribute 'time_current'
Traceback (most recent call last):
  File "C:\Users\lunza\Documents\VSCode Git\BOT_Trading\BOT_EURUSD\Smart Grid\main.py", line 68, in main
    if time_filter.is_allowed_to_trade():
       ~~~~~~~~~~~~~~~~~~~~~~~~~~~~~~~^^
  File "C:\Users\lunza\Documents\VSCode Git\BOT_Trading\BOT_EURUSD\Smart Grid\time_filter.py", line 16, in is_allowed_to_trade
    broker_time_stamp = ag.time_current()
                        ^^^^^^^^^^^^^^^
AttributeError: module 'MetaTrader5' has no attribute 'time_current'
2026-03-03 16:12:26,149 - MainControl - ERROR - Error during strategy execution: module 'MetaTrader5' has no attribute 'time_current'
Traceback (most recent call last):
  File "C:\Users\lunza\Documents\VSCode Git\BOT_Trading\BOT_EURUSD\Smart Grid\main.py", line 68, in main
    if time_filter.is_allowed_to_trade():
       ~~~~~~~~~~~~~~~~~~~~~~~~~~~~~~~^^
  File "C:\Users\lunza\Documents\VSCode Git\BOT_Trading\BOT_EURUSD\Smart Grid\time_filter.py", line 16, in is_allowed_to_trade
    broker_time_stamp = ag.time_current()
                        ^^^^^^^^^^^^^^^
AttributeError: module 'MetaTrader5' has no attribute 'time_current'
2026-03-03 16:12:27,151 - MainControl - ERROR - Error during strategy execution: module 'MetaTrader5' has no attribute 'time_current'
Traceback (most recent call last):
  File "C:\Users\lunza\Documents\VSCode Git\BOT_Trading\BOT_EURUSD\Smart Grid\main.py", line 68, in main
    if time_filter.is_allowed_to_trade():
       ~~~~~~~~~~~~~~~~~~~~~~~~~~~~~~~^^
  File "C:\Users\lunza\Documents\VSCode Git\BOT_Trading\BOT_EURUSD\Smart Grid\time_filter.py", line 16, in is_allowed_to_trade
    broker_time_stamp = ag.time_current()
                        ^^^^^^^^^^^^^^^
AttributeError: module 'MetaTrader5' has no attribute 'time_current'
2026-03-03 16:12:28,154 - MainControl - ERROR - Error during strategy execution: module 'MetaTrader5' has no attribute 'time_current'
Traceback (most recent call last):
  File "C:\Users\lunza\Documents\VSCode Git\BOT_Trading\BOT_EURUSD\Smart Grid\main.py", line 68, in main
    if time_filter.is_allowed_to_trade():
       ~~~~~~~~~~~~~~~~~~~~~~~~~~~~~~~^^
  File "C:\Users\lunza\Documents\VSCode Git\BOT_Trading\BOT_EURUSD\Smart Grid\time_filter.py", line 16, in is_allowed_to_trade
    broker_time_stamp = ag.time_current()
                        ^^^^^^^^^^^^^^^
AttributeError: module 'MetaTrader5' has no attribute 'time_current'
2026-03-03 16:12:29,158 - MainControl - ERROR - Error during strategy execution: module 'MetaTrader5' has no attribute 'time_current'
Traceback (most recent call last):
  File "C:\Users\lunza\Documents\VSCode Git\BOT_Trading\BOT_EURUSD\Smart Grid\main.py", line 68, in main
    if time_filter.is_allowed_to_trade():
       ~~~~~~~~~~~~~~~~~~~~~~~~~~~~~~~^^
  File "C:\Users\lunza\Documents\VSCode Git\BOT_Trading\BOT_EURUSD\Smart Grid\time_filter.py", line 16, in is_allowed_to_trade
    broker_time_stamp = ag.time_current()
                        ^^^^^^^^^^^^^^^
AttributeError: module 'MetaTrader5' has no attribute 'time_current'
2026-03-03 16:12:30,161 - MainControl - ERROR - Error during strategy execution: module 'MetaTrader5' has no attribute 'time_current'
Traceback (most recent call last):
  File "C:\Users\lunza\Documents\VSCode Git\BOT_Trading\BOT_EURUSD\Smart Grid\main.py", line 68, in main
    if time_filter.is_allowed_to_trade():
       ~~~~~~~~~~~~~~~~~~~~~~~~~~~~~~~^^
  File "C:\Users\lunza\Documents\VSCode Git\BOT_Trading\BOT_EURUSD\Smart Grid\time_filter.py", line 16, in is_allowed_to_trade
    broker_time_stamp = ag.time_current()
                        ^^^^^^^^^^^^^^^
AttributeError: module 'MetaTrader5' has no attribute 'time_current'
2026-03-03 16:12:31,163 - MainControl - ERROR - Error during strategy execution: module 'MetaTrader5' has no attribute 'time_current'
Traceback (most recent call last):
  File "C:\Users\lunza\Documents\VSCode Git\BOT_Trading\BOT_EURUSD\Smart Grid\main.py", line 68, in main
    if time_filter.is_allowed_to_trade():
       ~~~~~~~~~~~~~~~~~~~~~~~~~~~~~~~^^
  File "C:\Users\lunza\Documents\VSCode Git\BOT_Trading\BOT_EURUSD\Smart Grid\time_filter.py", line 16, in is_allowed_to_trade
    broker_time_stamp = ag.time_current()
                        ^^^^^^^^^^^^^^^
AttributeError: module 'MetaTrader5' has no attribute 'time_current'
2026-03-03 16:12:32,165 - MainControl - ERROR - Error during strategy execution: module 'MetaTrader5' has no attribute 'time_current'
Traceback (most recent call last):
  File "C:\Users\lunza\Documents\VSCode Git\BOT_Trading\BOT_EURUSD\Smart Grid\main.py", line 68, in main
    if time_filter.is_allowed_to_trade():
       ~~~~~~~~~~~~~~~~~~~~~~~~~~~~~~~^^
  File "C:\Users\lunza\Documents\VSCode Git\BOT_Trading\BOT_EURUSD\Smart Grid\time_filter.py", line 16, in is_allowed_to_trade
    broker_time_stamp = ag.time_current()
                        ^^^^^^^^^^^^^^^
AttributeError: module 'MetaTrader5' has no attribute 'time_current'
2026-03-03 16:12:33,167 - MainControl - ERROR - Error during strategy execution: module 'MetaTrader5' has no attribute 'time_current'
Traceback (most recent call last):
  File "C:\Users\lunza\Documents\VSCode Git\BOT_Trading\BOT_EURUSD\Smart Grid\main.py", line 68, in main
    if time_filter.is_allowed_to_trade():
       ~~~~~~~~~~~~~~~~~~~~~~~~~~~~~~~^^
  File "C:\Users\lunza\Documents\VSCode Git\BOT_Trading\BOT_EURUSD\Smart Grid\time_filter.py", line 16, in is_allowed_to_trade
    broker_time_stamp = ag.time_current()
                        ^^^^^^^^^^^^^^^
AttributeError: module 'MetaTrader5' has no attribute 'time_current'
2026-03-03 16:12:34,169 - MainControl - ERROR - Error during strategy execution: module 'MetaTrader5' has no attribute 'time_current'
Traceback (most recent call last):
  File "C:\Users\lunza\Documents\VSCode Git\BOT_Trading\BOT_EURUSD\Smart Grid\main.py", line 68, in main
    if time_filter.is_allowed_to_trade():
       ~~~~~~~~~~~~~~~~~~~~~~~~~~~~~~~^^
  File "C:\Users\lunza\Documents\VSCode Git\BOT_Trading\BOT_EURUSD\Smart Grid\time_filter.py", line 16, in is_allowed_to_trade
    broker_time_stamp = ag.time_current()
                        ^^^^^^^^^^^^^^^
AttributeError: module 'MetaTrader5' has no attribute 'time_current'
2026-03-03 16:12:35,171 - MainControl - ERROR - Error during strategy execution: module 'MetaTrader5' has no attribute 'time_current'
Traceback (most recent call last):
  File "C:\Users\lunza\Documents\VSCode Git\BOT_Trading\BOT_EURUSD\Smart Grid\main.py", line 68, in main
    if time_filter.is_allowed_to_trade():
       ~~~~~~~~~~~~~~~~~~~~~~~~~~~~~~~^^
  File "C:\Users\lunza\Documents\VSCode Git\BOT_Trading\BOT_EURUSD\Smart Grid\time_filter.py", line 16, in is_allowed_to_trade
    broker_time_stamp = ag.time_current()
                        ^^^^^^^^^^^^^^^
AttributeError: module 'MetaTrader5' has no attribute 'time_current'
2026-03-03 16:12:36,174 - MainControl - ERROR - Error during strategy execution: module 'MetaTrader5' has no attribute 'time_current'
Traceback (most recent call last):
  File "C:\Users\lunza\Documents\VSCode Git\BOT_Trading\BOT_EURUSD\Smart Grid\main.py", line 68, in main
    if time_filter.is_allowed_to_trade():
       ~~~~~~~~~~~~~~~~~~~~~~~~~~~~~~~^^
  File "C:\Users\lunza\Documents\VSCode Git\BOT_Trading\BOT_EURUSD\Smart Grid\time_filter.py", line 16, in is_allowed_to_trade
    broker_time_stamp = ag.time_current()
                        ^^^^^^^^^^^^^^^
AttributeError: module 'MetaTrader5' has no attribute 'time_current'
2026-03-03 16:12:37,176 - MainControl - ERROR - Error during strategy execution: module 'MetaTrader5' has no attribute 'time_current'
Traceback (most recent call last):
  File "C:\Users\lunza\Documents\VSCode Git\BOT_Trading\BOT_EURUSD\Smart Grid\main.py", line 68, in main
    if time_filter.is_allowed_to_trade():
       ~~~~~~~~~~~~~~~~~~~~~~~~~~~~~~~^^
  File "C:\Users\lunza\Documents\VSCode Git\BOT_Trading\BOT_EURUSD\Smart Grid\time_filter.py", line 16, in is_allowed_to_trade
    broker_time_stamp = ag.time_current()
                        ^^^^^^^^^^^^^^^
AttributeError: module 'MetaTrader5' has no attribute 'time_current'
2026-03-03 16:12:37,340 - MainControl - INFO - Bot stopped by user (KeyboardInterrupt).
2026-03-03 16:12:37,341 - MainControl - INFO - Shutting down MT5 connection...
2026-03-03 16:12:37,341 - MainControl - INFO - Bot stopped gracefully.
2026-03-03 16:18:59,664 - MainControl - INFO - Starting Smart Grid MT5 Bot...
2026-03-03 16:18:59,679 - mt5_client - INFO - Successfully connected to MetaTrader 5
2026-03-03 16:22:41,008 - strategy - INFO - RSI=29.49 < 30. Opening Initial BUY.
2026-03-03 16:22:41,008 - execution - INFO - Sending Order Request: Type=0, Lot=0.01, Price=1.16201
2026-03-03 16:22:41,289 - execution - INFO - Order executed successfully! Ticket: 3518132561
2026-03-03 16:24:00,414 - MainControl - INFO - --- HEARTBEAT --- Bot is running. Equity: 130.84 Balance: 131.50
2026-03-03 16:29:00,920 - MainControl - INFO - --- HEARTBEAT --- Bot is running. Equity: 131.11 Balance: 131.50
2026-03-03 16:34:01,422 - MainControl - INFO - --- HEARTBEAT --- Bot is running. Equity: 130.96 Balance: 131.50
2026-03-03 16:39:01,930 - MainControl - INFO - --- HEARTBEAT --- Bot is running. Equity: 130.76 Balance: 131.50
2026-03-04 09:10:31,327 - MainControl - INFO - Starting Smart Grid MT5 Bot...
2026-03-04 09:10:31,369 - mt5_client - INFO - Successfully connected to MetaTrader 5
2026-03-04 09:15:32,331 - MainControl - INFO - --- HEARTBEAT --- Bot is running. Equity: 140.95 Balance: 140.95
2026-03-04 09:20:33,236 - MainControl - INFO - --- HEARTBEAT --- Bot is running. Equity: 140.95 Balance: 140.95
2026-03-04 09:25:34,057 - MainControl - INFO - --- HEARTBEAT --- Bot is running. Equity: 140.95 Balance: 140.95
2026-03-04 09:30:34,886 - MainControl - INFO - --- HEARTBEAT --- Bot is running. Equity: 140.95 Balance: 140.95
2026-03-04 09:35:35,726 - MainControl - INFO - --- HEARTBEAT --- Bot is running. Equity: 140.95 Balance: 140.95
2026-03-04 09:40:36,707 - MainControl - INFO - --- HEARTBEAT --- Bot is running. Equity: 140.95 Balance: 140.95
2026-03-04 09:45:36,802 - MainControl - INFO - --- HEARTBEAT --- Bot is running. Equity: 140.95 Balance: 140.95
2026-03-04 09:50:37,770 - MainControl - INFO - --- HEARTBEAT --- Bot is running. Equity: 140.95 Balance: 140.95
2026-03-04 09:55:38,683 - MainControl - INFO - --- HEARTBEAT --- Bot is running. Equity: 140.95 Balance: 140.95
2026-03-04 10:00:39,616 - MainControl - INFO - --- HEARTBEAT --- Bot is running. Equity: 140.95 Balance: 140.95
2026-03-04 10:05:40,618 - MainControl - INFO - --- HEARTBEAT --- Bot is running. Equity: 140.95 Balance: 140.95
2026-03-04 10:10:41,602 - MainControl - INFO - --- HEARTBEAT --- Bot is running. Equity: 140.95 Balance: 140.95
2026-03-04 10:15:42,589 - MainControl - INFO - --- HEARTBEAT --- Bot is running. Equity: 140.95 Balance: 140.95
2026-03-04 10:20:42,682 - MainControl - INFO - --- HEARTBEAT --- Bot is running. Equity: 140.95 Balance: 140.95
2026-03-04 10:25:43,655 - MainControl - INFO - --- HEARTBEAT --- Bot is running. Equity: 140.95 Balance: 140.95
2026-03-04 10:30:44,605 - MainControl - INFO - --- HEARTBEAT --- Bot is running. Equity: 140.95 Balance: 140.95
2026-03-04 10:35:45,408 - MainControl - INFO - --- HEARTBEAT --- Bot is running. Equity: 140.95 Balance: 140.95
2026-03-04 10:40:46,202 - MainControl - INFO - --- HEARTBEAT --- Bot is running. Equity: 140.95 Balance: 140.95
2026-03-04 10:45:46,894 - MainControl - INFO - --- HEARTBEAT --- Bot is running. Equity: 140.95 Balance: 140.95
2026-03-04 10:50:47,649 - MainControl - INFO - --- HEARTBEAT --- Bot is running. Equity: 140.95 Balance: 140.95
2026-03-04 10:55:48,435 - MainControl - INFO - --- HEARTBEAT --- Bot is running. Equity: 140.95 Balance: 140.95
2026-03-04 11:00:49,298 - MainControl - INFO - --- HEARTBEAT --- Bot is running. Equity: 140.95 Balance: 140.95
2026-03-04 11:05:50,010 - MainControl - INFO - --- HEARTBEAT --- Bot is running. Equity: 140.95 Balance: 140.95
2026-03-04 11:10:50,772 - MainControl - INFO - --- HEARTBEAT --- Bot is running. Equity: 140.95 Balance: 140.95
2026-03-04 11:15:51,559 - MainControl - INFO - --- HEARTBEAT --- Bot is running. Equity: 140.95 Balance: 140.95
2026-03-04 11:20:52,482 - MainControl - INFO - --- HEARTBEAT --- Bot is running. Equity: 140.95 Balance: 140.95
2026-03-04 11:25:52,483 - MainControl - INFO - --- HEARTBEAT --- Bot is running. Equity: 140.95 Balance: 140.95
2026-03-04 11:30:53,416 - MainControl - INFO - --- HEARTBEAT --- Bot is running. Equity: 140.95 Balance: 140.95
2026-03-04 11:35:54,236 - MainControl - INFO - --- HEARTBEAT --- Bot is running. Equity: 140.95 Balance: 140.95
2026-03-04 11:40:55,202 - MainControl - INFO - --- HEARTBEAT --- Bot is running. Equity: 140.95 Balance: 140.95
2026-03-04 11:45:55,203 - MainControl - INFO - --- HEARTBEAT --- Bot is running. Equity: 140.95 Balance: 140.95
2026-03-04 11:50:56,012 - MainControl - INFO - --- HEARTBEAT --- Bot is running. Equity: 140.95 Balance: 140.95
2026-03-04 11:55:56,903 - MainControl - INFO - --- HEARTBEAT --- Bot is running. Equity: 140.95 Balance: 140.95
2026-03-04 12:00:57,628 - MainControl - INFO - --- HEARTBEAT --- Bot is running. Equity: 140.95 Balance: 140.95
2026-03-04 12:05:58,626 - MainControl - INFO - --- HEARTBEAT --- Bot is running. Equity: 140.95 Balance: 140.95
2026-03-04 12:10:59,615 - MainControl - INFO - --- HEARTBEAT --- Bot is running. Equity: 140.95 Balance: 140.95
2026-03-04 12:15:59,724 - MainControl - INFO - --- HEARTBEAT --- Bot is running. Equity: 140.95 Balance: 140.95
2026-03-04 12:21:00,682 - MainControl - INFO - --- HEARTBEAT --- Bot is running. Equity: 140.95 Balance: 140.95
2026-03-04 12:26:00,700 - MainControl - INFO - --- HEARTBEAT --- Bot is running. Equity: 140.95 Balance: 140.95
2026-03-04 12:31:01,598 - MainControl - INFO - --- HEARTBEAT --- Bot is running. Equity: 140.95 Balance: 140.95
2026-03-04 12:36:02,565 - MainControl - INFO - --- HEARTBEAT --- Bot is running. Equity: 140.95 Balance: 140.95
2026-03-04 12:41:02,625 - MainControl - INFO - --- HEARTBEAT --- Bot is running. Equity: 140.95 Balance: 140.95
2026-03-04 12:44:20,396 - strategy - INFO - RSI=29.83 < 30. Opening Initial BUY.
2026-03-04 12:44:20,398 - execution - INFO - Sending Order Request: Type=0, Lot=0.01, Price=1.15899
2026-03-04 12:44:20,965 - execution - INFO - Order executed successfully! Ticket: 3519088498
2026-03-04 12:46:03,301 - MainControl - INFO - --- HEARTBEAT --- Bot is running. Equity: 140.65 Balance: 140.95
2026-03-04 12:51:04,155 - MainControl - INFO - --- HEARTBEAT --- Bot is running. Equity: 141.46 Balance: 140.95
2026-03-04 12:56:04,972 - MainControl - INFO - --- HEARTBEAT --- Bot is running. Equity: 141.42 Balance: 140.95
2026-03-04 13:01:05,965 - MainControl - INFO - --- HEARTBEAT --- Bot is running. Equity: 141.29 Balance: 140.95
2026-03-04 13:06:06,377 - MainControl - INFO - --- HEARTBEAT --- Bot is running. Equity: 141.05 Balance: 140.95
2026-03-04 13:11:06,586 - MainControl - INFO - --- HEARTBEAT --- Bot is running. Equity: 141.37 Balance: 140.95
2026-03-04 13:16:06,846 - MainControl - INFO - --- HEARTBEAT --- Bot is running. Equity: 141.46 Balance: 140.95
2026-03-04 13:21:07,315 - MainControl - INFO - --- HEARTBEAT --- Bot is running. Equity: 141.68 Balance: 140.95
2026-03-04 13:21:58,841 - execution - INFO - Successfully modified SL (Trailing) for position 3519088498 to 1.15954
2026-03-04 13:25:42,943 - execution - INFO - Successfully modified SL (Trailing) for position 3519088498 to 1.15968
2026-03-04 13:25:56,203 - execution - INFO - Successfully modified SL (Trailing) for position 3519088498 to 1.15984
2026-03-04 13:26:08,243 - MainControl - INFO - --- HEARTBEAT --- Bot is running. Equity: 142.35 Balance: 140.95
2026-03-04 13:26:09,518 - execution - INFO - Successfully modified SL (Trailing) for position 3519088498 to 1.15995
2026-03-04 13:26:42,984 - execution - INFO - Successfully modified SL (Trailing) for position 3519088498 to 1.1601
2026-03-04 13:29:26,802 - execution - INFO - Successfully modified SL (Trailing) for position 3519088498 to 1.16021
2026-03-04 13:31:09,147 - MainControl - INFO - --- HEARTBEAT --- Bot is running. Equity: 142.64 Balance: 140.95
2026-03-04 13:31:49,538 - execution - INFO - Successfully modified SL (Trailing) for position 3519088498 to 1.16033
2026-03-04 13:33:21,082 - execution - INFO - Successfully modified SL (Trailing) for position 3519088498 to 1.16044
2026-03-04 13:33:36,425 - execution - INFO - Successfully modified SL (Trailing) for position 3519088498 to 1.16054
2026-03-04 13:33:46,680 - execution - INFO - Successfully modified SL (Trailing) for position 3519088498 to 1.16069
2026-03-04 13:34:48,163 - execution - INFO - Successfully modified SL (Trailing) for position 3519088498 to 1.16081
2026-03-04 13:36:09,527 - MainControl - INFO - --- HEARTBEAT --- Bot is running. Equity: 143.24 Balance: 140.95
2026-03-04 13:38:27,330 - execution - INFO - Successfully modified SL (Trailing) for position 3519088498 to 1.16094
2026-03-04 13:40:50,068 - execution - INFO - Successfully modified SL (Trailing) for position 3519088498 to 1.16105
2026-03-04 13:41:01,339 - execution - INFO - Successfully modified SL (Trailing) for position 3519088498 to 1.16116
2026-03-04 13:41:10,366 - MainControl - INFO - --- HEARTBEAT --- Bot is running. Equity: 143.65 Balance: 140.95
2026-03-04 13:46:10,693 - MainControl - INFO - --- HEARTBEAT --- Bot is running. Equity: 143.46 Balance: 140.95
2026-03-04 13:48:45,407 - strategy - INFO - RSI=71.57 > 70. Opening Initial SELL.
2026-03-04 13:48:45,407 - execution - INFO - Sending Order Request: Type=1, Lot=0.01, Price=1.16142
2026-03-04 13:48:45,680 - execution - INFO - Order executed successfully! Ticket: 3519141148
2026-03-04 13:51:11,261 - MainControl - INFO - --- HEARTBEAT --- Bot is running. Equity: 142.85 Balance: 143.10
2026-03-04 13:56:11,484 - MainControl - INFO - --- HEARTBEAT --- Bot is running. Equity: 143.04 Balance: 143.10
2026-03-04 14:01:11,513 - MainControl - INFO - --- HEARTBEAT --- Bot is running. Equity: 143.04 Balance: 143.10
2026-03-04 14:06:12,337 - MainControl - INFO - --- HEARTBEAT --- Bot is running. Equity: 142.79 Balance: 143.10
2026-03-04 14:11:12,451 - MainControl - INFO - --- HEARTBEAT --- Bot is running. Equity: 142.74 Balance: 143.10
